Arguments: 
  /usr/local/Cellar/node@14/14.15.1/bin/node /usr/local/bin/yarn init

PATH: 
  /usr/local/opt/ruby/bin:/Users/william/.cargo/bin:/usr/local/bin:/usr/bin:/bin:/usr/sbin:/sbin:/Applications/VMware Fusion.app/Contents/Public:/Library/TeX/texbin:/usr/local/MacGPG2/bin:/Library/Frameworks/Mono.framework/Versions/Current/Commands:/usr/local/opt/ruby/bin:/Users/william/.cargo/bin:/Users/william/Library/Android/sdk/emulator:/Users/william/Library/Android/sdk/tools:/Users/william/Library/Android/sdk/tools/bin:/Users/william/Library/Android/sdk/platform-tools:/Users/william/development/flutter/bin:/Users/william/go/bin:/Users/william/.web3j:/Users/william/Library/Android/sdk/emulator:/Users/william/Library/Android/sdk/tools:/Users/william/Library/Android/sdk/tools/bin:/Users/william/Library/Android/sdk/platform-tools:/Users/william/development/flutter/bin:/Users/william/go/bin:/Users/william/.web3j

Yarn version: 
  1.13.0

Node version: 
  14.15.1

Platform: 
  darwin x64

Trace: 
  Error: canceled
      at Interface.<anonymous> (/usr/local/lib/node_modules/yarn/lib/cli.js:125657:13)
      at Interface.emit (events.js:315:20)
      at Interface._ttyWrite (readline.js:875:16)
      at ReadStream.onkeypress (readline.js:213:10)
      at ReadStream.emit (events.js:315:20)
      at emitKeys (internal/readline/utils.js:345:14)
      at emitKeys.next (<anonymous>)
      at ReadStream.onData (readline.js:1144:36)
      at ReadStream.emit (events.js:315:20)
      at addChunk (_stream_readable.js:309:12)

npm manifest: 
  No manifest

yarn manifest: 
  No manifest

Lockfile: 
  No lockfile
